<?xml version="1.0" encoding="UTF-8"?>
<!-- Generated by org.testng.reporters.JUnitReportReporter -->
<testsuite hostname="D291992" name="CrossBrowserDemo.TestSingleProNum" tests="2" failures="0" timestamp="16 Sep 2015 17:02:59 GMT" time="9.757" errors="0">
  <testcase name="VerifySearchSingleProWithResult" time="4.639" classname="CrossBrowserDemo.TestSingleProNum"/>
  <testcase name="VerifySearchSingleProWithResult" time="5.118" classname="CrossBrowserDemo.TestSingleProNum"/>
</testsuite> <!-- CrossBrowserDemo.TestSingleProNum -->
